2024/03/24 周日 
On branch source
Your branch is up to date with 'origin/source'.

nothing to commit, working tree clean
Everything up-to-date
2024/03/24 周日 
warning: in the working copy of 'static/blog.log', LF will be replaced by CRLF the next time Git touches it
[source 8daf345] Daily update 2024/03/24 ㄦ
 2 files changed, 12 insertions(+), 4 deletions(-)
2024/03/24 周日 
fatal: not a git repository (or any of the parent directories): .git
fatal: not a git repository (or any of the parent directories): .git
 
2024/03/25 周一 
warning: in the working copy of 'static/blog.log', LF will be replaced by CRLF the next time Git touches it
[source ac3b6cd] Daily update 2024/03/25 ㄤ
 6 files changed, 195 insertions(+), 132 deletions(-)
 delete mode 100644 static/NGS_visualization/script
 create mode 100644 static/NGS_visualization/script.sh
 delete mode 100644 static/NGS_visualization/strand_matrix.R
 
2024/03/25 周一 
